Connecting to database specified by database.yml
Connecting to database specified by database.yml
Connecting to database specified by database.yml
Connecting to database specified by database.yml
Connecting to database specified by database.yml
Connecting to database specified by database.yml
  [1m[36m (326.2ms)[0m  [1mCREATE TABLE `schema_migrations` (`version` varchar(255) NOT NULL) ENGINE=InnoDB[0m
  [1m[35m (167.5ms)[0m  CREATE UNIQUE INDEX `unique_schema_migrations` ON `schema_migrations` (`version`)
  [1m[36m (2.9ms)[0m  [1mSELECT `schema_migrations`.`version` FROM `schema_migrations` [0m
Migrating to CreateEmpresas (20150425202829)
  [1m[35m (79.3ms)[0m  CREATE TABLE `empresas` (`id` int(11) DEFAULT NULL auto_increment PRIMARY KEY, `nome` varchar(255), `created_at` datetime NOT NULL, `updated_at` datetime NOT NULL) ENGINE=InnoDB
  [1m[36m (32.6ms)[0m  [1mINSERT INTO `schema_migrations` (`version`) VALUES ('20150425202829')[0m
Migrating to CreateSituacaoAvaliacaos (20150425202905)
  [1m[35m (98.7ms)[0m  CREATE TABLE `situacao_avaliacaos` (`id` int(11) DEFAULT NULL auto_increment PRIMARY KEY, `descricao` varchar(255), `created_at` datetime NOT NULL, `updated_at` datetime NOT NULL) ENGINE=InnoDB
  [1m[36m (32.7ms)[0m  [1mINSERT INTO `schema_migrations` (`version`) VALUES ('20150425202905')[0m
Migrating to CreateAvaliacaos (20150425202956)
  [1m[35m (65.0ms)[0m  CREATE TABLE `avaliacaos` (`id` int(11) DEFAULT NULL auto_increment PRIMARY KEY, `usuario_id` int(11), `empresa_id` int(11), `situacao_avaliacao_id` int(11), `created_at` datetime NOT NULL, `updated_at` datetime NOT NULL) ENGINE=InnoDB
  [1m[36m (199.7ms)[0m  [1mINSERT INTO `schema_migrations` (`version`) VALUES ('20150425202956')[0m
Migrating to CreateComentarios (20150425203044)
  [1m[35m (78.0ms)[0m  CREATE TABLE `comentarios` (`id` int(11) DEFAULT NULL auto_increment PRIMARY KEY, `texto` varchar(255), `data` date, `usuario_id` int(11), `created_at` datetime NOT NULL, `updated_at` datetime NOT NULL) ENGINE=InnoDB
  [1m[36m (43.7ms)[0m  [1mINSERT INTO `schema_migrations` (`version`) VALUES ('20150425203044')[0m
Migrating to CreateUsuarios (20150425203201)
  [1m[35m (75.7ms)[0m  CREATE TABLE `usuarios` (`id` int(11) DEFAULT NULL auto_increment PRIMARY KEY, `nome` varchar(255), `email` varchar(255), `senha` varchar(255), `administrador` int(11), `verificado` int(11), `created_at` datetime NOT NULL, `updated_at` datetime NOT NULL) ENGINE=InnoDB
  [1m[36m (43.7ms)[0m  [1mINSERT INTO `schema_migrations` (`version`) VALUES ('20150425203201')[0m
  [1m[35m (0.3ms)[0m  SELECT `schema_migrations`.`version` FROM `schema_migrations` 
